Local Dimming feature is not supported
UnityEngine.Debug:LogWarning (object)
OVRManager:InitOVRManager () (at ./Library/PackageCache/com.meta.xr.sdk.core@6ae573ca9b72/Scripts/OVRManager.cs:2386)
OVRManager:Awake () (at ./Library/PackageCache/com.meta.xr.sdk.core@6ae573ca9b72/Scripts/OVRManager.cs:2508)

[OVRPlugin] [XRCMD][failure] [XR_ERROR_HANDLE_INVALID]: xrGetHandMeshFB(handTracker, &xrMesh), arvr\projects\integrations\OVRPlugin\Src\Util\CompositorOpenXR.cpp:9861 (arvr\projects\integrations\OVRPlugin\Src\Util/CompositorOpenXR.h:342)
UnityEngine.Debug:LogWarning (object)
OVRManager:OVRPluginLogCallback (OVRPlugin/LogLevel,intptr,int) (at ./Library/PackageCache/com.meta.xr.sdk.core@6ae573ca9b72/Scripts/OVRManager.cs:2156)
OVRPlugin:GetMesh (OVRPlugin/MeshType,OVRPlugin/Mesh&) (at ./Library/PackageCache/com.meta.xr.sdk.core@6ae573ca9b72/Scripts/OVRPlugin.cs:9572)
OVRMesh:Initialize (OVRMesh/MeshType) (at ./Library/PackageCache/com.meta.xr.sdk.core@6ae573ca9b72/Scripts/Util/OVRMesh.cs:140)
OVRMesh:Awake () (at ./Library/PackageCache/com.meta.xr.sdk.core@6ae573ca9b72/Scripts/Util/OVRMesh.cs:102)

Your project uses a scriptable render pipeline. You can use Camera.stereoTargetEye only with the built-in renderer.
UnityEngine.Camera:set_stereoTargetEye (UnityEngine.StereoTargetEyeMask)
OVRCameraRig:EnsureGameObjectIntegrity () (at ./Library/PackageCache/com.meta.xr.sdk.core@6ae573ca9b72/Scripts/OVRCameraRig.cs:609)
OVRCameraRig:Awake () (at ./Library/PackageCache/com.meta.xr.sdk.core@6ae573ca9b72/Scripts/OVRCameraRig.cs:196)

Your project uses a scriptable render pipeline. You can use Camera.stereoTargetEye only with the built-in renderer.
UnityEngine.Camera:set_stereoTargetEye (UnityEngine.StereoTargetEyeMask)
OVRCameraRig:EnsureGameObjectIntegrity () (at ./Library/PackageCache/com.meta.xr.sdk.core@6ae573ca9b72/Scripts/OVRCameraRig.cs:610)
OVRCameraRig:Awake () (at ./Library/PackageCache/com.meta.xr.sdk.core@6ae573ca9b72/Scripts/OVRCameraRig.cs:196)

Your project uses a scriptable render pipeline. You can use Camera.stereoTargetEye only with the built-in renderer.
UnityEngine.Camera:set_stereoTargetEye (UnityEngine.StereoTargetEyeMask)
OVRCameraRig:EnsureGameObjectIntegrity () (at ./Library/PackageCache/com.meta.xr.sdk.core@6ae573ca9b72/Scripts/OVRCameraRig.cs:611)
OVRCameraRig:Awake () (at ./Library/PackageCache/com.meta.xr.sdk.core@6ae573ca9b72/Scripts/OVRCameraRig.cs:196)

[OVRPlugin] [XRCMD][failure] [XR_ERROR_HANDLE_INVALID]: xrGetHandMeshFB(handTracker, &xrMesh), arvr\projects\integrations\OVRPlugin\Src\Util\CompositorOpenXR.cpp:9350 (arvr\projects\integrations\OVRPlugin\Src\Util/CompositorOpenXR.h:342)
UnityEngine.Debug:LogWarning (object)
OVRManager:OVRPluginLogCallback (OVRPlugin/LogLevel,intptr,int) (at ./Library/PackageCache/com.meta.xr.sdk.core@6ae573ca9b72/Scripts/OVRManager.cs:2156)
OVRPlugin:GetSkeleton2 (OVRPlugin/SkeletonType,OVRPlugin/Skeleton2&) (at ./Library/PackageCache/com.meta.xr.sdk.core@6ae573ca9b72/Scripts/OVRPlugin.cs:9124)
OVRSkeleton:Initialize () (at ./Library/PackageCache/com.meta.xr.sdk.core@6ae573ca9b72/Scripts/Util/OVRSkeleton.cs:595)
OVRSkeleton:Start () (at ./Library/PackageCache/com.meta.xr.sdk.core@6ae573ca9b72/Scripts/Util/OVRSkeleton.cs:563)

[OVRPlugin] [XRCMD][failure] [XR_ERROR_ACTIONSET_NOT_ATTACHED]: xrGetCurrentInteractionProfile(m_xrSession, topLevelUserPath, &interactionProfileState), arvr\projects\integrations\OVRPlugin\Src\Util\CompositorOpenXR.cpp:16967 (arvr\projects\integrations\OVRPlugin\Src\Util/CompositorOpenXR.h:342)
UnityEngine.Debug:LogWarning (object)
OVRManager:OVRPluginLogCallback (OVRPlugin/LogLevel,intptr,int) (at ./Library/PackageCache/com.meta.xr.sdk.core@6ae573ca9b72/Scripts/OVRManager.cs:2156)
OVRPlugin:GetCurrentInteractionProfile (OVRPlugin/Hand) (at ./Library/PackageCache/com.meta.xr.sdk.core@6ae573ca9b72/Scripts/OVRPlugin.cs:5136)
OVRControllerHelper:InitializeControllerModels () (at ./Library/PackageCache/com.meta.xr.sdk.core@6ae573ca9b72/Scripts/Util/OVRControllerHelper.cs:191)
OVRControllerHelper:Start () (at ./Library/PackageCache/com.meta.xr.sdk.core@6ae573ca9b72/Scripts/Util/OVRControllerHelper.cs:161)

[OVRPlugin] [XRCMD][failure] [XR_ERROR_HANDLE_INVALID]: xrGetHandMeshFB(handTracker, &xrMesh), arvr\projects\integrations\OVRPlugin\Src\Util\CompositorOpenXR.cpp:9350 (arvr\projects\integrations\OVRPlugin\Src\Util/CompositorOpenXR.h:342)
UnityEngine.Debug:LogWarning (object)
OVRManager:OVRPluginLogCallback (OVRPlugin/LogLevel,intptr,int) (at ./Library/PackageCache/com.meta.xr.sdk.core@6ae573ca9b72/Scripts/OVRManager.cs:2156)
OVRPlugin:GetSkeleton2 (OVRPlugin/SkeletonType,OVRPlugin/Skeleton2&) (at ./Library/PackageCache/com.meta.xr.sdk.core@6ae573ca9b72/Scripts/OVRPlugin.cs:9124)
OVRSkeleton:Initialize () (at ./Library/PackageCache/com.meta.xr.sdk.core@6ae573ca9b72/Scripts/Util/OVRSkeleton.cs:595)
OVRSkeleton:UpdateSkeleton () (at ./Library/PackageCache/com.meta.xr.sdk.core@6ae573ca9b72/Scripts/Util/OVRSkeleton.cs:857)
OVRSkeleton:Update () (at ./Library/PackageCache/com.meta.xr.sdk.core@6ae573ca9b72/Scripts/Util/OVRSkeleton.cs:850)

[OVRPlugin] [XRCMD][failure] [XR_ERROR_ACTIONSET_NOT_ATTACHED]: xrGetDeviceSampleRateFB(m_xrSession, &hapticActionInfo, &deviceSampleRate), arvr\projects\integrations\OVRPlugin\Src\Util\CompositorOpenXR.cpp:14553 (arvr\projects\integrations\OVRPlugin\Src\Util/CompositorOpenXR.h:342)
UnityEngine.Debug:LogWarning (object)
OVRManager:OVRPluginLogCallback (OVRPlugin/LogLevel,intptr,int) (at ./Library/PackageCache/com.meta.xr.sdk.core@6ae573ca9b72/Scripts/OVRManager.cs:2156)
OVRPlugin:GetControllerHapticsDesc (uint) (at ./Library/PackageCache/com.meta.xr.sdk.core@6ae573ca9b72/Scripts/OVRPlugin.cs:5269)
OVRHaptics/Config:Load () (at ./Library/PackageCache/com.meta.xr.sdk.core@6ae573ca9b72/Scripts/OVRHaptics.cs:76)
OVRHaptics/Config:.cctor () (at ./Library/PackageCache/com.meta.xr.sdk.core@6ae573ca9b72/Scripts/OVRHaptics.cs:71)
OVRHaptics:.cctor () (at ./Library/PackageCache/com.meta.xr.sdk.core@6ae573ca9b72/Scripts/OVRHaptics.cs:42)
OVRManager:LateUpdate () (at ./Library/PackageCache/com.meta.xr.sdk.core@6ae573ca9b72/Scripts/OVRManager.cs:3405)

[OVRPlugin] [XRCMD][failure] [XR_ERROR_ACTIONSET_NOT_ATTACHED]: xrGetDeviceSampleRateFB(m_xrSession, &hapticActionInfo, &deviceSampleRate), arvr\projects\integrations\OVRPlugin\Src\Util\CompositorOpenXR.cpp:14553 (arvr\projects\integrations\OVRPlugin\Src\Util/CompositorOpenXR.h:342)
UnityEngine.Debug:LogWarning (object)
OVRManager:OVRPluginLogCallback (OVRPlugin/LogLevel,intptr,int) (at ./Library/PackageCache/com.meta.xr.sdk.core@6ae573ca9b72/Scripts/OVRManager.cs:2156)
OVRPlugin:GetControllerHapticsDesc (uint) (at ./Library/PackageCache/com.meta.xr.sdk.core@6ae573ca9b72/Scripts/OVRPlugin.cs:5269)
OVRHaptics/Config:Load () (at ./Library/PackageCache/com.meta.xr.sdk.core@6ae573ca9b72/Scripts/OVRHaptics.cs:76)
OVRHaptics:.cctor () (at ./Library/PackageCache/com.meta.xr.sdk.core@6ae573ca9b72/Scripts/OVRHaptics.cs:42)
OVRManager:LateUpdate () (at ./Library/PackageCache/com.meta.xr.sdk.core@6ae573ca9b72/Scripts/OVRManager.cs:3405)

[OVRPlugin] [XRCMD][failure] [XR_ERROR_ACTIONSET_NOT_ATTACHED]: xrGetDeviceSampleRateFB(m_xrSession, &hapticActionInfo, &deviceSampleRate), arvr\projects\integrations\OVRPlugin\Src\Util\CompositorOpenXR.cpp:14553 (arvr\projects\integrations\OVRPlugin\Src\Util/CompositorOpenXR.h:342)
UnityEngine.Debug:LogWarning (object)
OVRManager:OVRPluginLogCallback (OVRPlugin/LogLevel,intptr,int) (at ./Library/PackageCache/com.meta.xr.sdk.core@6ae573ca9b72/Scripts/OVRManager.cs:2156)
OVRPlugin:GetControllerHapticsDesc (uint) (at ./Library/PackageCache/com.meta.xr.sdk.core@6ae573ca9b72/Scripts/OVRPlugin.cs:5269)
OVRHaptics/Config:Load () (at ./Library/PackageCache/com.meta.xr.sdk.core@6ae573ca9b72/Scripts/OVRHaptics.cs:76)
OVRHaptics:Process () (at ./Library/PackageCache/com.meta.xr.sdk.core@6ae573ca9b72/Scripts/OVRHaptics.cs:389)
OVRManager:LateUpdate () (at ./Library/PackageCache/com.meta.xr.sdk.core@6ae573ca9b72/Scripts/OVRManager.cs:3405)

Setting linear velocity of a kinematic body is not supported.
UnityEngine.Rigidbody:set_velocity (UnityEngine.Vector3)
Oculus.Interaction.Grabbable/ThrowWhenUnselected:LoadThrowVelocities () (at ./Library/PackageCache/com.meta.xr.sdk.interaction@18ea1f2045ab/Runtime/Scripts/Interaction/Grabbable/Grabbable.cs:558)
Oculus.Interaction.Grabbable/ThrowWhenUnselected:RemoveSelection (int,bool) (at ./Library/PackageCache/com.meta.xr.sdk.interaction@18ea1f2045ab/Runtime/Scripts/Interaction/Grabbable/Grabbable.cs:469)
Oculus.Interaction.Grabbable/ThrowWhenUnselected:HandlePointerEventRaised (Oculus.Interaction.PointerEvent) (at ./Library/PackageCache/com.meta.xr.sdk.interaction@18ea1f2045ab/Runtime/Scripts/Interaction/Grabbable/Grabbable.cs:500)
Oculus.Interaction.PointableElement:PointableElementUpdated (Oculus.Interaction.PointerEvent) (at ./Library/PackageCache/com.meta.xr.sdk.interaction@18ea1f2045ab/Runtime/Scripts/Interaction/Pointable/PointableElement.cs:343)
Oculus.Interaction.Grabbable:PointableElementUpdated (Oculus.Interaction.PointerEvent) (at ./Library/PackageCache/com.meta.xr.sdk.interaction@18ea1f2045ab/Runtime/Scripts/Interaction/Grabbable/Grabbable.cs:246)
Oculus.Interaction.PointableElement:Unselect (Oculus.Interaction.PointerEvent) (at ./Library/PackageCache/com.meta.xr.sdk.interaction@18ea1f2045ab/Runtime/Scripts/Interaction/Pointable/PointableElement.cs:311)
Oculus.Interaction.PointableElement:ProcessPointerEvent (Oculus.Interaction.PointerEvent) (at ./Library/PackageCache/com.meta.xr.sdk.interaction@18ea1f2045ab/Runtime/Scripts/Interaction/Pointable/PointableElement.cs:223)
Oculus.Interaction.Grabbable:ProcessPointerEvent (Oculus.Interaction.PointerEvent) (at ./Library/PackageCache/com.meta.xr.sdk.interaction@18ea1f2045ab/Runtime/Scripts/Interaction/Grabbable/Grabbable.cs:226)
Oculus.Interaction.PointerInteractable`2<Oculus.Interaction.GrabInteractor, Oculus.Interaction.GrabInteractable>:PublishPointerEvent (Oculus.Interaction.PointerEvent) (at ./Library/PackageCache/com.meta.xr.sdk.interaction@18ea1f2045ab/Runtime/Scripts/Interaction/Pointable/PointerInteractable.cs:76)
Oculus.Interaction.PointerInteractor`2<Oculus.Interaction.GrabInteractor, Oculus.Interaction.GrabInteractable>:GeneratePointerEvent (Oculus.Interaction.PointerEventType,Oculus.Interaction.GrabInteractable) (at ./Library/PackageCache/com.meta.xr.sdk.interaction@18ea1f2045ab/Runtime/Scripts/Interaction/Pointable/PointerInteractor.cs:64)
Oculus.Interaction.PointerInteractor`2<Oculus.Interaction.GrabInteractor, Oculus.Interaction.GrabInteractable>:InteractableUnselected (Oculus.Interaction.GrabInteractable) (at ./Library/PackageCache/com.meta.xr.sdk.interaction@18ea1f2045ab/Runtime/Scripts/Interaction/Pointable/PointerInteractor.cs:101)
Oculus.Interaction.GrabInteractor:InteractableUnselected (Oculus.Interaction.GrabInteractable) (at ./Library/PackageCache/com.meta.xr.sdk.interaction@18ea1f2045ab/Runtime/Scripts/Interaction/Models/Grab/GrabInteractor.cs:224)
Oculus.Interaction.Interactor`2<Oculus.Interaction.GrabInteractor, Oculus.Interaction.GrabInteractable>:UnselectInteractable () (at ./Library/PackageCache/com.meta.xr.sdk.interaction@18ea1f2045ab/Runtime/Scripts/Interaction/Core/Interactor.cs:843)
Oculus.Interaction.Interactor`2<Oculus.Interaction.GrabInteractor, Oculus.Interaction.GrabInteractable>:Unselect () (at ./Library/PackageCache/com.meta.xr.sdk.interaction@18ea1f2045ab/Runtime/Scripts/Interaction/Core/Interactor.cs:749)
Oculus.Interaction.GrabInteractor:Unselect () (at ./Library/PackageCache/com.meta.xr.sdk.interaction@18ea1f2045ab/Runtime/Scripts/Interaction/Models/Grab/GrabInteractor.cs:208)
Oculus.Interaction.Interactor`2<Oculus.Interaction.GrabInteractor, Oculus.Interaction.GrabInteractable>:Drive () (at ./Library/PackageCache/com.meta.xr.sdk.interaction@18ea1f2045ab/Runtime/Scripts/Interaction/Core/Interactor.cs:1005)
Oculus.Interaction.Interactor`2<Oculus.Interaction.GrabInteractor, Oculus.Interaction.GrabInteractable>:Update () (at ./Library/PackageCache/com.meta.xr.sdk.interaction@18ea1f2045ab/Runtime/Scripts/Interaction/Core/Interactor.cs:931)

Setting angular velocity of a kinematic body is not supported.
UnityEngine.Rigidbody:set_angularVelocity (UnityEngine.Vector3)
Oculus.Interaction.Grabbable/ThrowWhenUnselected:LoadThrowVelocities () (at ./Library/PackageCache/com.meta.xr.sdk.interaction@18ea1f2045ab/Runtime/Scripts/Interaction/Grabbable/Grabbable.cs:560)
Oculus.Interaction.Grabbable/ThrowWhenUnselected:RemoveSelection (int,bool) (at ./Library/PackageCache/com.meta.xr.sdk.interaction@18ea1f2045ab/Runtime/Scripts/Interaction/Grabbable/Grabbable.cs:469)
Oculus.Interaction.Grabbable/ThrowWhenUnselected:HandlePointerEventRaised (Oculus.Interaction.PointerEvent) (at ./Library/PackageCache/com.meta.xr.sdk.interaction@18ea1f2045ab/Runtime/Scripts/Interaction/Grabbable/Grabbable.cs:500)
Oculus.Interaction.PointableElement:PointableElementUpdated (Oculus.Interaction.PointerEvent) (at ./Library/PackageCache/com.meta.xr.sdk.interaction@18ea1f2045ab/Runtime/Scripts/Interaction/Pointable/PointableElement.cs:343)
Oculus.Interaction.Grabbable:PointableElementUpdated (Oculus.Interaction.PointerEvent) (at ./Library/PackageCache/com.meta.xr.sdk.interaction@18ea1f2045ab/Runtime/Scripts/Interaction/Grabbable/Grabbable.cs:246)
Oculus.Interaction.PointableElement:Unselect (Oculus.Interaction.PointerEvent) (at ./Library/PackageCache/com.meta.xr.sdk.interaction@18ea1f2045ab/Runtime/Scripts/Interaction/Pointable/PointableElement.cs:311)
Oculus.Interaction.PointableElement:ProcessPointerEvent (Oculus.Interaction.PointerEvent) (at ./Library/PackageCache/com.meta.xr.sdk.interaction@18ea1f2045ab/Runtime/Scripts/Interaction/Pointable/PointableElement.cs:223)
Oculus.Interaction.Grabbable:ProcessPointerEvent (Oculus.Interaction.PointerEvent) (at ./Library/PackageCache/com.meta.xr.sdk.interaction@18ea1f2045ab/Runtime/Scripts/Interaction/Grabbable/Grabbable.cs:226)
Oculus.Interaction.PointerInteractable`2<Oculus.Interaction.GrabInteractor, Oculus.Interaction.GrabInteractable>:PublishPointerEvent (Oculus.Interaction.PointerEvent) (at ./Library/PackageCache/com.meta.xr.sdk.interaction@18ea1f2045ab/Runtime/Scripts/Interaction/Pointable/PointerInteractable.cs:76)
Oculus.Interaction.PointerInteractor`2<Oculus.Interaction.GrabInteractor, Oculus.Interaction.GrabInteractable>:GeneratePointerEvent (Oculus.Interaction.PointerEventType,Oculus.Interaction.GrabInteractable) (at ./Library/PackageCache/com.meta.xr.sdk.interaction@18ea1f2045ab/Runtime/Scripts/Interaction/Pointable/PointerInteractor.cs:64)
Oculus.Interaction.PointerInteractor`2<Oculus.Interaction.GrabInteractor, Oculus.Interaction.GrabInteractable>:InteractableUnselected (Oculus.Interaction.GrabInteractable) (at ./Library/PackageCache/com.meta.xr.sdk.interaction@18ea1f2045ab/Runtime/Scripts/Interaction/Pointable/PointerInteractor.cs:101)
Oculus.Interaction.GrabInteractor:InteractableUnselected (Oculus.Interaction.GrabInteractable) (at ./Library/PackageCache/com.meta.xr.sdk.interaction@18ea1f2045ab/Runtime/Scripts/Interaction/Models/Grab/GrabInteractor.cs:224)
Oculus.Interaction.Interactor`2<Oculus.Interaction.GrabInteractor, Oculus.Interaction.GrabInteractable>:UnselectInteractable () (at ./Library/PackageCache/com.meta.xr.sdk.interaction@18ea1f2045ab/Runtime/Scripts/Interaction/Core/Interactor.cs:843)
Oculus.Interaction.Interactor`2<Oculus.Interaction.GrabInteractor, Oculus.Interaction.GrabInteractable>:Unselect () (at ./Library/PackageCache/com.meta.xr.sdk.interaction@18ea1f2045ab/Runtime/Scripts/Interaction/Core/Interactor.cs:749)
Oculus.Interaction.GrabInteractor:Unselect () (at ./Library/PackageCache/com.meta.xr.sdk.interaction@18ea1f2045ab/Runtime/Scripts/Interaction/Models/Grab/GrabInteractor.cs:208)
Oculus.Interaction.Interactor`2<Oculus.Interaction.GrabInteractor, Oculus.Interaction.GrabInteractable>:Drive () (at ./Library/PackageCache/com.meta.xr.sdk.interaction@18ea1f2045ab/Runtime/Scripts/Interaction/Core/Interactor.cs:1005)
Oculus.Interaction.Interactor`2<Oculus.Interaction.GrabInteractor, Oculus.Interaction.GrabInteractable>:Update () (at ./Library/PackageCache/com.meta.xr.sdk.interaction@18ea1f2045ab/Runtime/Scripts/Interaction/Core/Interactor.cs:931)

